Created by PLY version 3.3 (http://www.dabeaz.com/ply)

Unused terminals:

    IMPRIMA
    VALORMOV
    ENQUANTO
    SENAO
    FACA
    COLUNA
    SENSORFRENTE
    SE

Grammar

Rule 0     S' -> assign
Rule 1     assign -> FRENTE
Rule 2     assign -> DIREITA
Rule 3     assign -> ESQUERDA
Rule 4     assign -> VOLTA

Terminals, with rules where they appear

COLUNA               : 
DIREITA              : 2
ENQUANTO             : 
ESQUERDA             : 3
FACA                 : 
FRENTE               : 1
IMPRIMA              : 
SE                   : 
SENAO                : 
SENSORFRENTE         : 
VALORMOV             : 
VOLTA                : 4
error                : 

Nonterminals, with rules where they appear

assign               : 0

Parsing method: LALR

state 0

    (0) S' -> . assign
    (1) assign -> . FRENTE
    (2) assign -> . DIREITA
    (3) assign -> . ESQUERDA
    (4) assign -> . VOLTA

    FRENTE          shift and go to state 4
    DIREITA         shift and go to state 5
    ESQUERDA        shift and go to state 1
    VOLTA           shift and go to state 2

    assign                         shift and go to state 3

state 1

    (3) assign -> ESQUERDA .

    $end            reduce using rule 3 (assign -> ESQUERDA .)


state 2

    (4) assign -> VOLTA .

    $end            reduce using rule 4 (assign -> VOLTA .)


state 3

    (0) S' -> assign .



state 4

    (1) assign -> FRENTE .

    $end            reduce using rule 1 (assign -> FRENTE .)


state 5

    (2) assign -> DIREITA .

    $end            reduce using rule 2 (assign -> DIREITA .)

